<?xml version="1.0" encoding="UTF-8"?>
<!-- Generated by org.testng.reporters.JUnitXMLReporter -->
<testsuite hostname="DESKTOP-I4FSC0B" ignored="0" name="Leads" tests="15" failures="0" timestamp="2023-08-26T20:04:59 IST" time="225.338" errors="0">
  <testcase name="runCreate" time="7.041" classname="week6.day1.classroom.CreateLead"/>
  <testcase name="runCreate" time="6.816" classname="week6.day1.classroom.CreateLead"/>
  <testcase name="runCreate" time="8.094" classname="week6.day1.classroom.CreateLead"/>
  <testcase name="runCreate" time="6.871" classname="week6.day1.classroom.CreateLead"/>
  <testcase name="runEdit" time="9.383" classname="week6.day1.classroom.EditLead"/>
  <testcase name="runEdit" time="7.797" classname="week6.day1.classroom.EditLead"/>
  <testcase name="runEdit" time="8.363" classname="week6.day1.classroom.EditLead"/>
  <testcase name="runDuplicate" time="15.856" classname="week6.day1.classroom.DuplicateLead"/>
  <testcase name="runDuplicate" time="12.25" classname="week6.day1.classroom.DuplicateLead"/>
  <testcase name="runDuplicate" time="13.013" classname="week6.day1.classroom.DuplicateLead"/>
  <testcase name="runMerge" time="14.066" classname="week6.day1.classroom.MergeLead"/>
  <testcase name="runMerge" time="12.056" classname="week6.day1.classroom.MergeLead"/>
  <testcase name="runDelete" time="5.53" classname="week6.day1.classroom.DeleteLead"/>
  <testcase name="runDelete" time="6.359" classname="week6.day1.classroom.DeleteLead"/>
  <testcase name="runDelete" time="5.823" classname="week6.day1.classroom.DeleteLead"/>
</testsuite> <!-- Leads -->
