<?xml version="1.0" encoding="UTF-8"?>
<!-- Generated by org.testng.reporters.JUnitXMLReporter -->
<testsuite hostname="DESKTOP-I4FSC0B" ignored="0" name="Leads" tests="7" failures="0" timestamp="2023-08-27T10:15:30 IST" time="94.385" errors="0">
  <testcase name="runCreate" time="8.868" classname="week6.day2.classroom.CreateLead"/>
  <testcase name="runCreate" time="7.442" classname="week6.day2.classroom.CreateLead"/>
  <testcase name="runCreate" time="5.93" classname="week6.day2.classroom.CreateLead"/>
  <testcase name="runCreate" time="7.904" classname="week6.day2.classroom.CreateLead"/>
  <testcase name="runDelete" time="6.118" classname="week6.day2.classroom.DeleteLead"/>
  <testcase name="runDelete" time="5.992" classname="week6.day2.classroom.DeleteLead"/>
  <testcase name="runDelete" time="5.511" classname="week6.day2.classroom.DeleteLead"/>
</testsuite> <!-- Leads -->
