<?xml version="1.0" encoding="UTF-8"?>
<!-- Generated by org.testng.reporters.JUnitXMLReporter -->
<testsuite hostname="DESKTOP-I4FSC0B" ignored="0" name="Regression" tests="3" failures="0" timestamp="2023-08-22T03:56:43 IST" time="34.692" errors="0">
  <testcase name="runCreate" time="13.161" classname="week5.day1.assignment.CreateLead"/>
  <testcase name="runEdit" time="14.791" classname="week5.day1.assignment.EditLead"/>
  <testcase name="runMerge" time="18.028" classname="week5.day1.assignment.MergeLead"/>
</testsuite> <!-- Regression -->
