<?xml version="1.0" encoding="UTF-8"?>
<!-- Generated by org.testng.reporters.JUnitXMLReporter -->
<testsuite hostname="DESKTOP-I4FSC0B" ignored="0" name="Test" tests="3" failures="0" timestamp="2023-09-09T11:19:41 IST" time="25.523" errors="0">
  <testcase name="runLogin" time="1.948" classname="week8.day1.testcases.LoginTC"/>
  <testcase name="runCreate" time="8.781" classname="week8.day1.testcases.CreateLeadsTC"/>
  <testcase name="runCreate" time="7.194" classname="week8.day1.testcases.CreateLeadsTC"/>
</testsuite> <!-- Test -->
